app/build/intermediates/manifest_merge_blame_file/debug/manifest-merger-blame-debug-report.txt
1<?xml version="1.0" encoding="utf-8"?>
2<manifest xmlns:android="http://schemas.android.com/apk/res/android"
3    package="com.example.weather"
4    android:versionCode="1"
5    android:versionName="1.0" >
6
7    <uses-sdk
8        android:minSdkVersion="16"
8-->src\main\AndroidManifest.xml
9        android:targetSdkVersion="30" />
9-->src\main\AndroidManifest.xml
10
11    <uses-permission android:name="android.permission.INTERNET" >
11-->src\main\AndroidManifest.xml:4:1-6:19
11-->src\main\AndroidManifest.xml:4:18-60
12    </uses-permission>
13    <uses-permission android:name="android.permission.ACCESS_FINE_LOCATION" >
13-->src\main\AndroidManifest.xml:7:5-9:23
13-->src\main\AndroidManifest.xml:7:22-76
14    </uses-permission>
15
16    <application
16-->src\main\AndroidManifest.xml:10:5-25:19
17        android:allowBackup="true"
17-->src\main\AndroidManifest.xml:11:9-35
18        android:appComponentFactory="androidx.core.app.CoreComponentFactory"
18-->[androidx.core:core:1.5.0] AndroidManifest.xml:24:18-86
19        android:debuggable="true"
20        android:icon="@mipmap/ic_launcher"
20-->src\main\AndroidManifest.xml:12:9-43
21        android:label="@string/app_name"
21-->src\main\AndroidManifest.xml:13:9-41
22        android:roundIcon="@mipmap/ic_launcher_round"
22-->src\main\AndroidManifest.xml:14:9-54
23        android:supportsRtl="true"
23-->src\main\AndroidManifest.xml:15:9-35
24        android:theme="@style/Theme.Weather" >
24-->src\main\AndroidManifest.xml:16:9-45
25        <activity android:name="com.example.weather.cityFinder" />
25-->src\main\AndroidManifest.xml:17:9-57
25-->src\main\AndroidManifest.xml:17:19-45
26        <activity android:name="com.example.weather.MainActivity" >
26-->src\main\AndroidManifest.xml:18:9-24:20
26-->src\main\AndroidManifest.xml:18:19-47
27            <intent-filter>
27-->src\main\AndroidManifest.xml:19:13-23:29
28                <action android:name="android.intent.action.MAIN" />
28-->src\main\AndroidManifest.xml:20:17-69
28-->src\main\AndroidManifest.xml:20:25-66
29
30                <category android:name="android.intent.category.LAUNCHER" />
30-->src\main\AndroidManifest.xml:22:17-77
30-->src\main\AndroidManifest.xml:22:27-74
31            </intent-filter>
32        </activity>
33    </application>
34
35</manifest>